python -m sphinx -T -E -b html -d _build/doctrees -D language=zh_CN . $READTHEDOCS_OUTPUT/html
Running Sphinx v1.8.6
loading translations [zh_CN]... done

Traceback (most recent call last):
  File "/home/docs/checkouts/readthedocs.org/user_builds/cloud-atlas/envs/latest/lib/python3.7/site-packages/sphinx/registry.py", line 472, in load_extension
    mod = __import__(extname, None, None, ['setup'])
  File "/home/docs/checkouts/readthedocs.org/user_builds/cloud-atlas/envs/latest/lib/python3.7/site-packages/sphinxcontrib/video.py", line 12, in <module>
    from sphinx.util.docutils import SphinxDirective, SphinxTranslator
ImportError: cannot import name 'SphinxTranslator' from 'sphinx.util.docutils' (/home/docs/checkouts/readthedocs.org/user_builds/cloud-atlas/envs/latest/lib/python3.7/site-packages/sphinx/util/docutils.py)

During handling of the above exception, another exception occurred:

Traceback (most recent call last):
  File "/home/docs/checkouts/readthedocs.org/user_builds/cloud-atlas/envs/latest/lib/python3.7/site-packages/sphinx/cmd/build.py", line 303, in build_main
    args.tags, args.verbosity, args.jobs, args.keep_going)
  File "/home/docs/checkouts/readthedocs.org/user_builds/cloud-atlas/envs/latest/lib/python3.7/site-packages/sphinx/application.py", line 228, in __init__
    self.setup_extension(extension)
  File "/home/docs/checkouts/readthedocs.org/user_builds/cloud-atlas/envs/latest/lib/python3.7/site-packages/sphinx/application.py", line 449, in setup_extension
    self.registry.load_extension(self, extname)
  File "/home/docs/checkouts/readthedocs.org/user_builds/cloud-atlas/envs/latest/lib/python3.7/site-packages/sphinx/registry.py", line 475, in load_extension
    raise ExtensionError(__('Could not import extension %s') % extname, err)
sphinx.errors.ExtensionError: Could not import extension sphinxcontrib.video (exception: cannot import name 'SphinxTranslator' from 'sphinx.util.docutils' (/home/docs/checkouts/readthedocs.org/user_builds/cloud-atlas/envs/latest/lib/python3.7/site-packages/sphinx/util/docutils.py))

Extension error:
Could not import extension sphinxcontrib.video (exception: cannot import name 'SphinxTranslator' from 'sphinx.util.docutils' (/home/docs/checkouts/readthedocs.org/user_builds/cloud-atlas/envs/latest/lib/python3.7/site-packages/sphinx/util/docutils.py))
